<?xml version="1.0" encoding="UTF-8"?>
<!-- Generated by org.testng.reporters.JUnitXMLReporter -->
<testsuite ignored="1" hostname="DESKTOP-JFEA9BO" failures="0" tests="1" name="edgetest" time="42.783" errors="0" timestamp="2025-05-26T14:37:01 IST">
  <testcase classname="testScript.ManageNewsTest" name="verifyCustomerCanAddNewNewsSuccesfullyInManageNewsFiled" time="13.833"/>
  <testcase classname="testScript.ManageNewsTest" name="verifyCustomerCanSearchNewlyAddedNewsSuccesfullyInManageNewsSearchFiled" time="0.0">
    <ignored/>
  </testcase> <!-- verifyCustomerCanSearchNewlyAddedNewsSuccesfullyInManageNewsSearchFiled -->
</testsuite> <!-- edgetest -->
