<?xml version="1.0" encoding="UTF-8"?>
<!-- Generated by org.testng.reporters.JUnitXMLReporter -->
<testsuite ignored="1" hostname="DESKTOP-JFEA9BO" failures="0" tests="1" name="Default test" time="5.294" errors="0" timestamp="2025-05-20T12:40:56 IST">
  <testcase classname="testScript.ManageCategoryTest" name="verifyCustomerCanSearchCategory" time="2.334"/>
  <testcase classname="testScript.ManageCategoryTest" name="verifyCustomerCanAddNewUsersSuccesfullyInNewAdminusersFiled" time="0.0">
    <ignored/>
  </testcase> <!-- verifyCustomerCanAddNewUsersSuccesfullyInNewAdminusersFiled -->
</testsuite> <!-- Default test -->
