<?xml version="1.0" encoding="UTF-8"?>
<!-- Generated by org.testng.reporters.JUnitXMLReporter -->
<testsuite ignored="1" hostname="DESKTOP-JFEA9BO" failures="0" tests="1" name="Default test" time="6.966" errors="0" timestamp="2025-05-16T23:32:48 IST">
  <testcase classname="testScript.ManageNewsTest" name="verifyCustomerCanSearchNewlyAddedNewsSuccesfullyInManageNewsSearchFiled" time="2.939"/>
  <testcase classname="testScript.ManageNewsTest" name="verifyCustomerCanAddNewNewsSuccesfullyInManageNewsFiled" time="0.0">
    <ignored/>
  </testcase> <!-- verifyCustomerCanAddNewNewsSuccesfullyInManageNewsFiled -->
</testsuite> <!-- Default test -->
