<?xml version="1.0" encoding="UTF-8"?>
<!-- Generated by org.testng.reporters.JUnitXMLReporter -->
<testsuite ignored="2" hostname="DESKTOP-JFEA9BO" failures="0" tests="2" name="chrometest" time="30.884" errors="0" timestamp="2025-05-26T14:25:21 IST">
  <testcase classname="testScript.LoginTest" name="verifyUserNotabletoLoginWithInvalidCredentials" time="3.459"/>
  <testcase classname="testScript.LoginTest" name="verifyUserNotabletoLoginWithValidUsernameInvalidPassword" time="1.226"/>
  <testcase classname="testScript.LoginTest" name="verifyLoginIsSuccessfullWithValidCredentials" time="0.0">
    <ignored/>
  </testcase> <!-- verifyLoginIsSuccessfullWithValidCredentials -->
  <testcase classname="testScript.LoginTest" name="verifyUserNotabletoLoginWithInvalidUsernamevalidPassword" time="0.0">
    <ignored/>
  </testcase> <!-- verifyUserNotabletoLoginWithInvalidUsernamevalidPassword -->
</testsuite> <!-- chrometest -->
