<?xml version="1.0" encoding="UTF-8"?>
<!-- Generated by org.testng.reporters.JUnitXMLReporter -->
<testsuite ignored="1" hostname="DESKTOP-JFEA9BO" failures="0" tests="1" name="Test" time="27.517" errors="0" timestamp="2025-05-29T14:41:18 IST">
  <testcase classname="testScript.ManageCategoryTest" name="verifyCustomerCanAddNewUsersSuccesfullyInNewAdminusersFiled" time="22.968"/>
  <testcase classname="testScript.ManageCategoryTest" name="verifyCustomerCanSearchCategory" time="0.0">
    <ignored/>
  </testcase> <!-- verifyCustomerCanSearchCategory -->
</testsuite> <!-- Test -->
