<?xml version="1.0" encoding="UTF-8"?>
<!-- Generated by org.testng.reporters.JUnitXMLReporter -->
<testsuite ignored="1" hostname="DESKTOP-JFEA9BO" failures="0" tests="1" name="Test2" time="16.138" errors="0" timestamp="2025-05-23T14:15:00 IST">
  <testcase classname="testScript.ManageNewsTest" name="verifyCustomerCanAddNewNewsSuccesfullyInManageNewsFiled" time="9.276"/>
  <testcase classname="testScript.ManageNewsTest" name="verifyCustomerCanSearchNewlyAddedNewsSuccesfullyInManageNewsSearchFiled" time="0.0">
    <ignored/>
  </testcase> <!-- verifyCustomerCanSearchNewlyAddedNewsSuccesfullyInManageNewsSearchFiled -->
</testsuite> <!-- Test2 -->
